<?xml version="1.0" encoding="UTF-8"?>
<testng-results ignored="0" total="1" passed="1" failed="0" skipped="0">
  <reporter-output>
  </reporter-output>
  <suite started-at="2022-10-08T15:06:34 IST" name="Default suite" finished-at="2022-10-08T15:06:53 IST" duration-ms="18809">
    <groups>
    </groups>
    <test started-at="2022-10-08T15:06:34 IST" name="Default test" finished-at="2022-10-08T15:06:53 IST" duration-ms="18809">
      <class name="testCases.LoginTestCase">
        <test-method signature="login()[pri:0, instance:testCases.LoginTestCase@6d2a209c]" started-at="2022-10-08T15:06:34 IST" name="login" finished-at="2022-10-08T15:06:53 IST" duration-ms="18759" status="PASS">
          <reporter-output>
          </reporter-output>
        </test-method> <!-- login -->
      </class> <!-- testCases.LoginTestCase -->
    </test> <!-- Default test -->
  </suite> <!-- Default suite -->
</testng-results>
